<?xml version="1.0" encoding="utf-8"?><testsuites name="pytest tests"><testsuite name="pytest" errors="0" failures="0" skipped="0" tests="27" time="14.734" timestamp="2026-01-21T17:21:16.638431+00:00" hostname="agent-env-28215085-bfc4-4dfc-847a-a23b8ff4e0ee"><testcase classname="tests.test_admin_endpoints.TestHealthCheck" name="test_health_endpoint" time="0.056" /><testcase classname="tests.test_admin_endpoints.TestAdminEndpointsUnauthenticated" name="test_admin_overview_requires_auth" time="0.038" /><testcase classname="tests.test_admin_endpoints.TestAdminEndpointsUnauthenticated" name="test_admin_users_requires_auth" time="0.035" /><testcase classname="tests.test_admin_endpoints.TestAdminEndpointsUnauthenticated" name="test_admin_businesses_requires_auth" time="0.034" /><testcase classname="tests.test_admin_endpoints.TestAdminEndpointsUnauthenticated" name="test_admin_transactions_requires_auth" time="0.036" /><testcase classname="tests.test_admin_endpoints.TestAdminEndpointsUnauthenticated" name="test_admin_tax_rules_requires_auth" time="0.034" /><testcase classname="tests.test_admin_endpoints.TestAdminEndpointsUnauthenticated" name="test_admin_subscriptions_requires_auth" time="0.036" /><testcase classname="tests.test_admin_endpoints.TestAdminEndpointsUnauthenticated" name="test_admin_logs_requires_auth" time="0.038" /><testcase classname="tests.test_admin_endpoints.TestAdminEndpointsUnauthenticated" name="test_admin_settings_requires_auth" time="0.037" /><testcase classname="tests.test_admin_endpoints.TestAdminEndpointsWithRegularUser" name="test_admin_overview_forbidden_for_regular_user" time="0.810" /><testcase classname="tests.test_admin_endpoints.TestAdminEndpointsWithRegularUser" name="test_admin_users_forbidden_for_regular_user" time="0.781" /><testcase classname="tests.test_admin_endpoints.TestAdminEndpointsWithRegularUser" name="test_admin_businesses_forbidden_for_regular_user" time="0.770" /><testcase classname="tests.test_admin_endpoints.TestAdminEndpointsWithRegularUser" name="test_admin_transactions_forbidden_for_regular_user" time="0.774" /><testcase classname="tests.test_admin_endpoints.TestAdminEndpointsWithRegularUser" name="test_admin_settings_forbidden_for_regular_user" time="0.774" /><testcase classname="tests.test_admin_endpoints.TestAdminEndpointsWithAdminUser" name="test_admin_overview_accessible_for_admin" time="0.793" /><testcase classname="tests.test_admin_endpoints.TestAdminEndpointsWithAdminUser" name="test_admin_users_accessible_for_admin" time="0.809" /><testcase classname="tests.test_admin_endpoints.TestAdminEndpointsWithAdminUser" name="test_admin_businesses_accessible_for_admin" time="0.821" /><testcase classname="tests.test_admin_endpoints.TestAdminEndpointsWithAdminUser" name="test_admin_transactions_accessible_for_admin" time="0.785" /><testcase classname="tests.test_admin_endpoints.TestAdminEndpointsWithAdminUser" name="test_admin_tax_rules_accessible_for_admin" time="0.781" /><testcase classname="tests.test_admin_endpoints.TestAdminEndpointsWithAdminUser" name="test_admin_subscriptions_accessible_for_admin" time="0.788" /><testcase classname="tests.test_admin_endpoints.TestAdminEndpointsWithAdminUser" name="test_admin_logs_accessible_for_admin" time="0.816" /><testcase classname="tests.test_admin_endpoints.TestAdminEndpointsWithAdminUser" name="test_admin_settings_forbidden_for_admin" time="0.785" /><testcase classname="tests.test_admin_endpoints.TestAdminEndpointsWithSuperadmin" name="test_admin_settings_accessible_for_superadmin" time="0.797" /><testcase classname="tests.test_admin_endpoints.TestAdminEndpointsWithSuperadmin" name="test_admin_overview_accessible_for_superadmin" time="0.785" /><testcase classname="tests.test_admin_endpoints.TestAdminUsersPagination" name="test_admin_users_pagination_params" time="0.789" /><testcase classname="tests.test_admin_endpoints.TestAdminUsersPagination" name="test_admin_users_search_filter" time="0.801" /><testcase classname="tests.test_admin_endpoints.TestAdminUsersPagination" name="test_admin_transactions_type_filter" time="0.830" /></testsuite></testsuites>