<?xml version="1.0" encoding="utf-8"?><testsuites name="pytest tests"><testsuite name="pytest" errors="0" failures="1" skipped="0" tests="27" time="16.110" timestamp="2026-01-21T16:08:16.415208+00:00" hostname="agent-env-28215085-bfc4-4dfc-847a-a23b8ff4e0ee"><testcase classname="tests.test_admin_endpoints.TestHealthCheck" name="test_health_endpoint" time="0.077" /><testcase classname="tests.test_admin_endpoints.TestAdminEndpointsUnauthenticated" name="test_admin_overview_requires_auth" time="0.038" /><testcase classname="tests.test_admin_endpoints.TestAdminEndpointsUnauthenticated" name="test_admin_users_requires_auth" time="0.036" /><testcase classname="tests.test_admin_endpoints.TestAdminEndpointsUnauthenticated" name="test_admin_businesses_requires_auth" time="0.040" /><testcase classname="tests.test_admin_endpoints.TestAdminEndpointsUnauthenticated" name="test_admin_transactions_requires_auth" time="0.040" /><testcase classname="tests.test_admin_endpoints.TestAdminEndpointsUnauthenticated" name="test_admin_tax_rules_requires_auth" time="0.040" /><testcase classname="tests.test_admin_endpoints.TestAdminEndpointsUnauthenticated" name="test_admin_subscriptions_requires_auth" time="0.040" /><testcase classname="tests.test_admin_endpoints.TestAdminEndpointsUnauthenticated" name="test_admin_logs_requires_auth" time="0.035" /><testcase classname="tests.test_admin_endpoints.TestAdminEndpointsUnauthenticated" name="test_admin_settings_requires_auth" time="0.040" /><testcase classname="tests.test_admin_endpoints.TestAdminEndpointsWithRegularUser" name="test_admin_overview_forbidden_for_regular_user" time="2.346" /><testcase classname="tests.test_admin_endpoints.TestAdminEndpointsWithRegularUser" name="test_admin_users_forbidden_for_regular_user" time="0.791" /><testcase classname="tests.test_admin_endpoints.TestAdminEndpointsWithRegularUser" name="test_admin_businesses_forbidden_for_regular_user" time="0.821" /><testcase classname="tests.test_admin_endpoints.TestAdminEndpointsWithRegularUser" name="test_admin_transactions_forbidden_for_regular_user" time="0.765" /><testcase classname="tests.test_admin_endpoints.TestAdminEndpointsWithRegularUser" name="test_admin_settings_forbidden_for_regular_user" time="0.811" /><testcase classname="tests.test_admin_endpoints.TestAdminEndpointsWithAdminUser" name="test_admin_overview_accessible_for_admin" time="0.773" /><testcase classname="tests.test_admin_endpoints.TestAdminEndpointsWithAdminUser" name="test_admin_users_accessible_for_admin" time="0.783" /><testcase classname="tests.test_admin_endpoints.TestAdminEndpointsWithAdminUser" name="test_admin_businesses_accessible_for_admin" time="0.765" /><testcase classname="tests.test_admin_endpoints.TestAdminEndpointsWithAdminUser" name="test_admin_transactions_accessible_for_admin" time="0.817" /><testcase classname="tests.test_admin_endpoints.TestAdminEndpointsWithAdminUser" name="test_admin_tax_rules_accessible_for_admin" time="0.751"><failure message="AssertionError: Expected 200, got 520: Internal Server Error&#10;assert 520 == 200&#10; +  where 520 = &lt;Response [520]&gt;.status_code">tests/test_admin_endpoints.py:262: in test_admin_tax_rules_accessible_for_admin
    assert response.status_code == 200, f"Expected 200, got {response.status_code}: {response.text}"
E   AssertionError: Expected 200, got 520: Internal Server Error
E   assert 520 == 200
E    +  where 520 = &lt;Response [520]&gt;.status_code</failure></testcase><testcase classname="tests.test_admin_endpoints.TestAdminEndpointsWithAdminUser" name="test_admin_subscriptions_accessible_for_admin" time="0.767" /><testcase classname="tests.test_admin_endpoints.TestAdminEndpointsWithAdminUser" name="test_admin_logs_accessible_for_admin" time="0.773" /><testcase classname="tests.test_admin_endpoints.TestAdminEndpointsWithAdminUser" name="test_admin_settings_forbidden_for_admin" time="0.762" /><testcase classname="tests.test_admin_endpoints.TestAdminEndpointsWithSuperadmin" name="test_admin_settings_accessible_for_superadmin" time="0.763" /><testcase classname="tests.test_admin_endpoints.TestAdminEndpointsWithSuperadmin" name="test_admin_overview_accessible_for_superadmin" time="0.832" /><testcase classname="tests.test_admin_endpoints.TestAdminUsersPagination" name="test_admin_users_pagination_params" time="0.764" /><testcase classname="tests.test_admin_endpoints.TestAdminUsersPagination" name="test_admin_users_search_filter" time="0.768" /><testcase classname="tests.test_admin_endpoints.TestAdminUsersPagination" name="test_admin_transactions_type_filter" time="0.760" /></testsuite></testsuites>