<?xml version="1.0" encoding="utf-8"?><testsuites name="pytest tests"><testsuite name="pytest" errors="0" failures="0" skipped="0" tests="20" time="0.849" timestamp="2026-01-23T12:30:16.268245+00:00" hostname="agent-env-81cc40e6-615a-4543-ab09-32b27c095ded"><testcase classname="backend.tests.test_bank_integration.TestSubscriptionPlans" name="test_get_subscription_plans_returns_200" time="0.053" /><testcase classname="backend.tests.test_bank_integration.TestSubscriptionPlans" name="test_free_tier_price_is_zero" time="0.037" /><testcase classname="backend.tests.test_bank_integration.TestSubscriptionPlans" name="test_starter_tier_price_is_3000" time="0.038" /><testcase classname="backend.tests.test_bank_integration.TestSubscriptionPlans" name="test_business_tier_price_is_7000" time="0.036" /><testcase classname="backend.tests.test_bank_integration.TestSubscriptionPlans" name="test_enterprise_tier_price_is_10000" time="0.035" /><testcase classname="backend.tests.test_bank_integration.TestBankFeaturesInTiers" name="test_free_tier_has_1_linked_bank_account" time="0.035" /><testcase classname="backend.tests.test_bank_integration.TestBankFeaturesInTiers" name="test_starter_tier_has_3_linked_bank_accounts" time="0.045" /><testcase classname="backend.tests.test_bank_integration.TestBankFeaturesInTiers" name="test_business_tier_has_5_linked_bank_accounts" time="0.037" /><testcase classname="backend.tests.test_bank_integration.TestBankFeaturesInTiers" name="test_enterprise_tier_has_unlimited_linked_bank_accounts" time="0.037" /><testcase classname="backend.tests.test_bank_integration.TestBankFeaturesInTiers" name="test_all_tiers_have_bank_sync_frequency" time="0.035" /><testcase classname="backend.tests.test_bank_integration.TestBankFeaturesInTiers" name="test_all_tiers_have_manual_sync_per_day" time="0.035" /><testcase classname="backend.tests.test_bank_integration.TestBankEndpoints" name="test_supported_institutions_returns_200" time="0.040" /><testcase classname="backend.tests.test_bank_integration.TestBankEndpoints" name="test_bank_status_requires_auth" time="0.033" /><testcase classname="backend.tests.test_bank_integration.TestBankEndpoints" name="test_bank_status_with_auth" time="0.041" /><testcase classname="backend.tests.test_bank_integration.TestBankEndpoints" name="test_bank_accounts_requires_auth" time="0.041" /><testcase classname="backend.tests.test_bank_integration.TestBankEndpoints" name="test_bank_accounts_with_auth" time="0.042" /><testcase classname="backend.tests.test_bank_integration.TestBankEndpoints" name="test_bank_link_initiate_requires_auth" time="0.034" /><testcase classname="backend.tests.test_bank_integration.TestBankEndpoints" name="test_bank_link_initiate_returns_503_when_not_configured" time="0.038" /><testcase classname="backend.tests.test_bank_integration.TestBankEndpoints" name="test_bank_webhook_accepts_post" time="0.034" /><testcase classname="backend.tests.test_bank_integration.TestPromotionalPricing" name="test_promotional_pricing_exists" time="0.037" /></testsuite></testsuites>