<?xml version="1.0" encoding="utf-8"?><testsuites name="pytest tests"><testsuite name="pytest" errors="0" failures="0" skipped="0" tests="19" time="0.769" timestamp="2026-01-20T18:39:44.924442+00:00" hostname="agent-env-7e31f030-e510-4dfb-a73a-23d374a4de1f"><testcase classname="tests.test_email_endpoints.TestEmailPreferences" name="test_get_email_preferences_returns_200" time="0.081" /><testcase classname="tests.test_email_endpoints.TestEmailPreferences" name="test_get_email_preferences_returns_default_values" time="0.043" /><testcase classname="tests.test_email_endpoints.TestEmailPreferences" name="test_get_email_preferences_requires_auth" time="0.039" /><testcase classname="tests.test_email_endpoints.TestEmailPreferences" name="test_update_email_preferences_returns_200" time="0.049" /><testcase classname="tests.test_email_endpoints.TestEmailPreferences" name="test_update_email_preferences_persists_changes" time="0.075" /><testcase classname="tests.test_email_endpoints.TestEmailPreferences" name="test_update_email_preferences_requires_auth" time="0.038" /><testcase classname="tests.test_email_endpoints.TestSendTaxReminder" name="test_send_tax_reminder_returns_200" time="0.042" /><testcase classname="tests.test_email_endpoints.TestSendTaxReminder" name="test_send_tax_reminder_returns_status" time="0.040" /><testcase classname="tests.test_email_endpoints.TestSendTaxReminder" name="test_send_tax_reminder_skipped_with_demo_key" time="0.036" /><testcase classname="tests.test_email_endpoints.TestSendTaxReminder" name="test_send_tax_reminder_requires_auth" time="0.038" /><testcase classname="tests.test_email_endpoints.TestSendUpgradeReceipt" name="test_send_upgrade_receipt_requires_auth" time="0.036" /><testcase classname="tests.test_email_endpoints.TestSendUpgradeReceipt" name="test_send_upgrade_receipt_requires_paid_subscription" time="0.039" /><testcase classname="tests.test_email_endpoints.TestSendTestEmail" name="test_send_test_email_returns_200" time="0.040" /><testcase classname="tests.test_email_endpoints.TestSendTestEmail" name="test_send_test_email_returns_status" time="0.040" /><testcase classname="tests.test_email_endpoints.TestSendTestEmail" name="test_send_test_email_requires_auth" time="0.036" /><testcase classname="tests.test_email_endpoints.TestRefactoredComponents" name="test_auth_context_file_exists" time="0.000" /><testcase classname="tests.test_email_endpoints.TestRefactoredComponents" name="test_subscription_context_file_exists" time="0.000" /><testcase classname="tests.test_email_endpoints.TestRefactoredComponents" name="test_dashboard_page_file_exists" time="0.000" /><testcase classname="tests.test_email_endpoints.TestHealthCheck" name="test_health_endpoint" time="0.036" /></testsuite></testsuites>