<?xml version="1.0" encoding="utf-8"?><testsuites name="pytest tests"><testsuite name="pytest" errors="0" failures="0" skipped="0" tests="28" time="3.186" timestamp="2026-01-20T17:55:36.006979+00:00" hostname="agent-env-7e31f030-e510-4dfb-a73a-23d374a4de1f"><testcase classname="tests.test_subscription_system.TestSubscriptionPlans" name="test_get_subscription_plans_returns_200" time="0.073" /><testcase classname="tests.test_subscription_system.TestSubscriptionPlans" name="test_get_subscription_plans_returns_4_tiers" time="0.040" /><testcase classname="tests.test_subscription_system.TestSubscriptionPlans" name="test_subscription_tiers_have_correct_names" time="0.040" /><testcase classname="tests.test_subscription_system.TestSubscriptionPlans" name="test_free_tier_has_zero_price" time="0.038" /><testcase classname="tests.test_subscription_system.TestSubscriptionPlans" name="test_starter_tier_pricing" time="0.038" /><testcase classname="tests.test_subscription_system.TestSubscriptionPlans" name="test_business_tier_pricing" time="0.037" /><testcase classname="tests.test_subscription_system.TestSubscriptionPlans" name="test_enterprise_tier_pricing" time="0.037" /><testcase classname="tests.test_subscription_system.TestSubscriptionPlans" name="test_yearly_pricing_has_discount" time="0.036" /><testcase classname="tests.test_subscription_system.TestSubscriptionPlans" name="test_plans_have_features" time="0.037" /><testcase classname="tests.test_subscription_system.TestCurrentSubscription" name="test_current_subscription_requires_auth" time="0.034" /><testcase classname="tests.test_subscription_system.TestCurrentSubscription" name="test_current_subscription_returns_free_by_default" time="0.038" /><testcase classname="tests.test_subscription_system.TestCurrentSubscription" name="test_current_subscription_includes_features" time="0.042" /><testcase classname="tests.test_subscription_system.TestCheckoutSession" name="test_checkout_requires_auth" time="0.037" /><testcase classname="tests.test_subscription_system.TestCheckoutSession" name="test_checkout_creates_session_for_starter" time="0.434" /><testcase classname="tests.test_subscription_system.TestCheckoutSession" name="test_checkout_creates_session_for_business" time="0.543" /><testcase classname="tests.test_subscription_system.TestCheckoutSession" name="test_checkout_creates_session_for_enterprise" time="0.490" /><testcase classname="tests.test_subscription_system.TestCheckoutSession" name="test_checkout_rejects_free_tier" time="0.037" /><testcase classname="tests.test_subscription_system.TestCheckoutSession" name="test_checkout_rejects_invalid_tier" time="0.043" /><testcase classname="tests.test_subscription_system.TestCheckoutStatus" name="test_checkout_status_requires_auth" time="0.037" /><testcase classname="tests.test_subscription_system.TestCheckoutStatus" name="test_checkout_status_returns_payment_info" time="0.691" /><testcase classname="tests.test_subscription_system.TestFeatureCheck" name="test_feature_check_requires_auth" time="0.035" /><testcase classname="tests.test_subscription_system.TestFeatureCheck" name="test_free_tier_has_csv_export" time="0.038" /><testcase classname="tests.test_subscription_system.TestFeatureCheck" name="test_free_tier_no_ai_insights" time="0.037" /><testcase classname="tests.test_subscription_system.TestFeatureCheck" name="test_free_tier_no_receipt_ocr" time="0.041" /><testcase classname="tests.test_subscription_system.TestFeatureCheck" name="test_free_tier_no_pdf_reports" time="0.038" /><testcase classname="tests.test_subscription_system.TestCancelSubscription" name="test_cancel_requires_auth" time="0.040" /><testcase classname="tests.test_subscription_system.TestCancelSubscription" name="test_cancel_fails_for_free_tier" time="0.039" /><testcase classname="tests.test_subscription_system.TestHealthAndIntegration" name="test_health_endpoint" time="0.038" /></testsuite></testsuites>