<?xml version="1.0" encoding="utf-8"?><testsuites name="pytest tests"><testsuite name="pytest" errors="0" failures="0" skipped="0" tests="15" time="4.090" timestamp="2026-01-21T22:31:04.296026+00:00" hostname="agent-env-28215085-bfc4-4dfc-847a-a23b8ff4e0ee"><testcase classname="tests.test_superadmin_features.TestSuperadminDeleteUser" name="test_superadmin_can_delete_regular_user" time="1.719" /><testcase classname="tests.test_superadmin_features.TestSuperadminDeleteUser" name="test_non_superadmin_cannot_delete_user" time="0.040" /><testcase classname="tests.test_superadmin_features.TestSuperadminDeleteUser" name="test_cannot_delete_own_account" time="0.492" /><testcase classname="tests.test_superadmin_features.TestSuperadminDeleteUser" name="test_cannot_delete_other_superadmin" time="0.821" /><testcase classname="tests.test_superadmin_features.TestSuperadminDeleteUser" name="test_delete_nonexistent_user" time="0.042" /><testcase classname="tests.test_superadmin_features.TestSuperadminDeleteUser" name="test_unauthenticated_delete_returns_401" time="0.078" /><testcase classname="tests.test_superadmin_features.TestSuperadminChangeTier" name="test_superadmin_can_change_tier_to_starter" time="0.040" /><testcase classname="tests.test_superadmin_features.TestSuperadminChangeTier" name="test_superadmin_can_change_tier_to_business" time="0.041" /><testcase classname="tests.test_superadmin_features.TestSuperadminChangeTier" name="test_superadmin_can_change_tier_to_enterprise" time="0.046" /><testcase classname="tests.test_superadmin_features.TestSuperadminChangeTier" name="test_superadmin_can_change_tier_to_free" time="0.038" /><testcase classname="tests.test_superadmin_features.TestSuperadminChangeTier" name="test_non_superadmin_cannot_change_tier" time="0.042" /><testcase classname="tests.test_superadmin_features.TestSuperadminChangeTier" name="test_invalid_tier_returns_400" time="0.038" /><testcase classname="tests.test_superadmin_features.TestSuperadminChangeTier" name="test_change_tier_nonexistent_user" time="0.079" /><testcase classname="tests.test_superadmin_features.TestSuperadminChangeTier" name="test_unauthenticated_change_tier_returns_401" time="0.038" /><testcase classname="tests.test_superadmin_features.TestSuperadminChangeTier" name="test_tier_change_persists_in_database" time="0.479" /></testsuite></testsuites>