<?xml version="1.0" encoding="utf-8"?><testsuites name="pytest tests"><testsuite name="pytest" errors="0" failures="0" skipped="0" tests="16" time="0.779" timestamp="2026-01-20T18:18:45.962610+00:00" hostname="agent-env-7e31f030-e510-4dfb-a73a-23d374a4de1f"><testcase classname="tests.test_tier_enforcement.TestUpdatedPricing" name="test_free_tier_pricing_is_zero" time="0.056" /><testcase classname="tests.test_tier_enforcement.TestUpdatedPricing" name="test_starter_tier_pricing_is_5000" time="0.038" /><testcase classname="tests.test_tier_enforcement.TestUpdatedPricing" name="test_business_tier_pricing_is_10000" time="0.036" /><testcase classname="tests.test_tier_enforcement.TestUpdatedPricing" name="test_enterprise_tier_pricing_is_20000" time="0.038" /><testcase classname="tests.test_tier_enforcement.TestCurrentSubscriptionWithUsage" name="test_current_subscription_includes_usage_stats" time="0.044" /><testcase classname="tests.test_tier_enforcement.TestCurrentSubscriptionWithUsage" name="test_free_tier_has_50_transaction_limit" time="0.033" /><testcase classname="tests.test_tier_enforcement.TestUsageEndpoint" name="test_usage_endpoint_returns_200" time="0.036" /><testcase classname="tests.test_tier_enforcement.TestUsageEndpoint" name="test_usage_endpoint_includes_limit_exceeded_flag" time="0.076" /><testcase classname="tests.test_tier_enforcement.TestUsageEndpoint" name="test_usage_endpoint_includes_tier_info" time="0.038" /><testcase classname="tests.test_tier_enforcement.TestUsageEndpoint" name="test_usage_endpoint_requires_auth" time="0.033" /><testcase classname="tests.test_tier_enforcement.TestFeatureGating" name="test_free_tier_no_ai_insights" time="0.077" /><testcase classname="tests.test_tier_enforcement.TestFeatureGating" name="test_free_tier_no_receipt_ocr" time="0.035" /><testcase classname="tests.test_tier_enforcement.TestFeatureGating" name="test_free_tier_no_pdf_reports" time="0.082" /><testcase classname="tests.test_tier_enforcement.TestFeatureGating" name="test_free_tier_has_csv_export" time="0.039" /><testcase classname="tests.test_tier_enforcement.TestTransactionLimitEnforcement" name="test_transaction_creation_works_within_limit" time="0.038" /><testcase classname="tests.test_tier_enforcement.TestHealthEndpoint" name="test_health_endpoint" time="0.031" /></testsuite></testsuites>